<?xml version="1.0" encoding="UTF-8"?><testrun name="Run" project="CucumberFramework" tests="1" started="1" failures="0" errors="1" ignored="0">
  <testsuite name="TestRunner.Run" time="34.25">
    <testsuite name="Customers" time="34.25">
      <testcase name="Add New Customer" classname="Customers" time="34.25">
        <error>org.openqa.selenium.NoSuchElementException: Cannot locate option with text: Manager
For documentation on this error, please visit: https://selenium.dev/exceptions/#no_such_element
Build info: version: '4.2.1', revision: 'ac4d0fdd4a'
System info: host: 'DESKTOP-CV42A7Q', ip: '192.168.1.18', os.name: 'Windows 10', os.arch: 'amd64', os.version: '10.0', java.version: '16.0.1'
Driver info: driver.version: unknown&#13;
	at org.openqa.selenium.support.ui.Select.selectByVisibleText(Select.java:151)&#13;
	at PageObject.AddNewCustomerPage.enterManagerOfVendor(AddNewCustomerPage.java:149)&#13;
	at StepDefinition.StepDef.user_enter_customer_info(StepDef.java:134)&#13;
	at âœ½.User enter customer info(file:///C:/Users/prach/Desktop/CodeStudio/CucumberFramework/./Features/Customers.feature:12)&#13;
&#13;
</error>
      </testcase>
    </testsuite>
  </testsuite>
</testrun>
